# JRE version: Java(TM) SE Runtime Environment (8.0_65-b17) (build 1.8.0_65-b17)
# Java VM: Java HotSpot(TM) 64-Bit Server VM (25.65-b01 mixed mode linux-amd64 compressed oops)
Heap:
 PSYoungGen      total 392704K, used 326753K [0x0000000781c00000, 0x000000079d880000, 0x00000007c0000000)
  eden space 353280K, 81% used [0x0000000781c00000,0x00000007934a01d0,0x0000000797500000)
  from space 39424K, 99% used [0x000000079a580000,0x000000079cbf83c0,0x000000079cc00000)
  to   space 49664K, 0% used [0x0000000797500000,0x0000000797500000,0x000000079a580000)
 ParOldGen       total 291840K, used 149223K [0x0000000705400000, 0x0000000717100000, 0x0000000781c00000)
  object space 291840K, 51% used [0x0000000705400000,0x000000070e5b9eb8,0x0000000717100000)
 Metaspace       used 71889K, capacity 74336K, committed 74536K, reserved 1114112K
  class space    used 9433K, capacity 9904K, committed 10024K, reserved 1048576K
GC Heap History (10 events):
Event: 18.744 GC heap before
{Heap before GC invocations=13 (full 2):
 PSYoungGen      total 188928K, used 183777K [0x0000000781c00000, 0x000000078f580000, 0x00000007c0000000)
  eden space 169472K, 100% used [0x0000000781c00000,0x000000078c180000,0x000000078c180000)
  from space 19456K, 73% used [0x000000078e280000,0x000000078f078590,0x000000078f580000)
  to   space 26624K, 0% used [0x000000078c180000,0x000000078c180000,0x000000078db80000)
 ParOldGen       total 139264K, used 44358K [0x0000000705400000, 0x000000070dc00000, 0x0000000781c00000)
  object space 139264K, 31% used [0x0000000705400000,0x0000000707f51bb0,0x000000070dc00000)
 Metaspace       used 46718K, capacity 47438K, committed 47656K, reserved 1091584K
  class space    used 5927K, capacity 6109K, committed 6184K, reserved 1048576K
Event: 18.840 GC heap after
Heap after GC invocations=13 (full 2):
 PSYoungGen      total 196096K, used 26602K [0x0000000781c00000, 0x0000000795900000, 0x00000007c0000000)
  eden space 169472K, 0% used [0x0000000781c00000,0x0000000781c00000,0x000000078c180000)
  from space 26624K, 99% used [0x000000078c180000,0x000000078db7a938,0x000000078db80000)
  to   space 37376K, 0% used [0x0000000793480000,0x0000000793480000,0x0000000795900000)
 ParOldGen       total 139264K, used 64506K [0x0000000705400000, 0x000000070dc00000, 0x0000000781c00000)
  object space 139264K, 46% used [0x0000000705400000,0x00000007092fe980,0x000000070dc00000)
 Metaspace       used 46718K, capacity 47438K, committed 47656K, reserved 1091584K
  class space    used 5927K, capacity 6109K, committed 6184K, reserved 1048576K
}
Event: 19.119 GC heap before
{Heap before GC invocations=14 (full 2):
 PSYoungGen      total 196096K, used 196074K [0x0000000781c00000, 0x0000000795900000, 0x00000007c0000000)
  eden space 169472K, 100% used [0x0000000781c00000,0x000000078c180000,0x000000078c180000)
  from space 26624K, 99% used [0x000000078c180000,0x000000078db7a938,0x000000078db80000)
  to   space 37376K, 0% used [0x0000000793480000,0x0000000793480000,0x0000000795900000)
 ParOldGen       total 139264K, used 64506K [0x0000000705400000, 0x000000070dc00000, 0x0000000781c00000)
  object space 139264K, 46% used [0x0000000705400000,0x00000007092fe980,0x000000070dc00000)
 Metaspace       used 46879K, capacity 47630K, committed 47912K, reserved 1091584K
  class space    used 5946K, capacity 6109K, committed 6184K, reserved 1048576K
Event: 19.283 GC heap after
Heap after GC invocations=14 (full 2):
 PSYoungGen      total 285696K, used 26762K [0x0000000781c00000, 0x0000000796480000, 0x00000007c0000000)
  eden space 248320K, 0% used [0x0000000781c00000,0x0000000781c00000,0x0000000790e80000)
  from space 37376K, 71% used [0x0000000793480000,0x0000000794ea2938,0x0000000795900000)
  to   space 38912K, 0% used [0x0000000790e80000,0x0000000790e80000,0x0000000793480000)
 ParOldGen       total 197632K, used 184533K [0x0000000705400000, 0x0000000711500000, 0x0000000781c00000)
  object space 197632K, 93% used [0x0000000705400000,0x0000000710835428,0x0000000711500000)
 Metaspace       used 46879K, capacity 47630K, committed 47912K, reserved 1091584K
  class space    used 5946K, capacity 6109K, committed 6184K, reserved 1048576K
}
Event: 19.283 GC heap before
{Heap before GC invocations=15 (full 3):
 PSYoungGen      total 285696K, used 26762K [0x0000000781c00000, 0x0000000796480000, 0x00000007c0000000)
  eden space 248320K, 0% used [0x0000000781c00000,0x0000000781c00000,0x0000000790e80000)
  from space 37376K, 71% used [0x0000000793480000,0x0000000794ea2938,0x0000000795900000)
  to   space 38912K, 0% used [0x0000000790e80000,0x0000000790e80000,0x0000000793480000)
 ParOldGen       total 197632K, used 184533K [0x0000000705400000, 0x0000000711500000, 0x0000000781c00000)
  object space 197632K, 93% used [0x0000000705400000,0x0000000710835428,0x0000000711500000)
 Metaspace       used 46879K, capacity 47630K, committed 47912K, reserved 1091584K
  class space    used 5946K, capacity 6109K, committed 6184K, reserved 1048576K
Event: 19.793 GC heap after
Heap after GC invocations=15 (full 3):
 PSYoungGen      total 285696K, used 0K [0x0000000781c00000, 0x0000000796480000, 0x00000007c0000000)
  eden space 248320K, 0% used [0x0000000781c00000,0x0000000781c00000,0x0000000790e80000)
  from space 37376K, 0% used [0x0000000793480000,0x0000000793480000,0x0000000795900000)
  to   space 38912K, 0% used [0x0000000790e80000,0x0000000790e80000,0x0000000793480000)
 ParOldGen       total 291840K, used 138975K [0x0000000705400000, 0x0000000717100000, 0x0000000781c00000)
  object space 291840K, 47% used [0x0000000705400000,0x000000070dbb7fe8,0x0000000717100000)
 Metaspace       used 46879K, capacity 47630K, committed 47912K, reserved 1091584K
  class space    used 5946K, capacity 6109K, committed 6184K, reserved 1048576K
}
Event: 21.738 GC heap before
{Heap before GC invocations=16 (full 3):
 PSYoungGen      total 285696K, used 248320K [0x0000000781c00000, 0x0000000796480000, 0x00000007c0000000)
  eden space 248320K, 100% used [0x0000000781c00000,0x0000000790e80000,0x0000000790e80000)
  from space 37376K, 0% used [0x0000000793480000,0x0000000793480000,0x0000000795900000)
  to   space 38912K, 0% used [0x0000000790e80000,0x0000000790e80000,0x0000000793480000)
 ParOldGen       total 291840K, used 138975K [0x0000000705400000, 0x0000000717100000, 0x0000000781c00000)
  object space 291840K, 47% used [0x0000000705400000,0x000000070dbb7fe8,0x0000000717100000)
 Metaspace       used 50658K, capacity 51472K, committed 51752K, reserved 1093632K
  class space    used 6485K, capacity 6688K, committed 6696K, reserved 1048576K
Event: 21.746 GC heap after
Heap after GC invocations=16 (full 3):
 PSYoungGen      total 287232K, used 2950K [0x0000000781c00000, 0x000000079cc00000, 0x00000007c0000000)
  eden space 248320K, 0% used [0x0000000781c00000,0x0000000781c00000,0x0000000790e80000)
  from space 38912K, 7% used [0x0000000790e80000,0x00000007911619f0,0x0000000793480000)
  to   space 39424K, 0% used [0x000000079a580000,0x000000079a580000,0x000000079cc00000)
 ParOldGen       total 291840K, used 138983K [0x0000000705400000, 0x0000000717100000, 0x0000000781c00000)
  object space 291840K, 47% used [0x0000000705400000,0x000000070dbb9fe8,0x0000000717100000)
 Metaspace       used 50658K, capacity 51472K, committed 51752K, reserved 1093632K
  class space    used 6485K, capacity 6688K, committed 6696K, reserved 1048576K
}
Event: 31.934 GC heap before
{Heap before GC invocations=17 (full 3):
 PSYoungGen      total 287232K, used 251270K [0x0000000781c00000, 0x000000079cc00000, 0x00000007c0000000)
  eden space 248320K, 100% used [0x0000000781c00000,0x0000000790e80000,0x0000000790e80000)
  from space 38912K, 7% used [0x0000000790e80000,0x00000007911619f0,0x0000000793480000)
  to   space 39424K, 0% used [0x000000079a580000,0x000000079a580000,0x000000079cc00000)
 ParOldGen       total 291840K, used 138983K [0x0000000705400000, 0x0000000717100000, 0x0000000781c00000)
  object space 291840K, 47% used [0x0000000705400000,0x000000070dbb9fe8,0x0000000717100000)
 Metaspace       used 67473K, capacity 69344K, committed 69544K, reserved 1110016K
  class space    used 8955K, capacity 9318K, committed 9384K, reserved 1048576K
Event: 31.985 GC heap after
Heap after GC invocations=17 (full 3):
 PSYoungGen      total 392704K, used 39392K [0x0000000781c00000, 0x000000079d880000, 0x00000007c0000000)
  eden space 353280K, 0% used [0x0000000781c00000,0x0000000781c00000,0x0000000797500000)
  from space 39424K, 99% used [0x000000079a580000,0x000000079cbf83c0,0x000000079cc00000)
  to   space 49664K, 0% used [0x0000000797500000,0x0000000797500000,0x000000079a580000)
 ParOldGen       total 291840K, used 149223K [0x0000000705400000, 0x0000000717100000, 0x0000000781c00000)
  object space 291840K, 51% used [0x0000000705400000,0x000000070e5b9eb8,0x0000000717100000)
 Metaspace       used 67473K, capacity 69344K, committed 69544K, reserved 1110016K
  class space    used 8955K, capacity 9318K, committed 9384K, reserved 1048576K
}

